# JRE version: Java(TM) SE Runtime Environment (8.0_212-b10) (build 1.8.0_212-b10)
# Java VM: Java HotSpot(TM) 64-Bit Server VM (25.212-b10 mixed mode windows-amd64 compressed oops)
Heap:
 PSYoungGen      total 1208832K, used 242836K [0x000000076b800000, 0x00000007c0000000, 0x00000007c0000000)
  eden space 1033216K, 23% used [0x000000076b800000,0x000000077a525358,0x00000007aa900000)
  from space 175616K, 0% used [0x00000007aa900000,0x00000007aa900000,0x00000007b5480000)
  to   space 175616K, 0% used [0x00000007b5480000,0x00000007b5480000,0x00000007c0000000)
 ParOldGen       total 998912K, used 498083K [0x00000006c2800000, 0x00000006ff780000, 0x000000076b800000)
  object space 998912K, 49% used [0x00000006c2800000,0x00000006e0e68d80,0x00000006ff780000)
 Metaspace       used 185559K, capacity 191919K, committed 219928K, reserved 1239040K
  class space    used 22636K, capacity 24516K, committed 29736K, reserved 1048576K
GC Heap History (10 events):
Event: 929.836 GC heap before
{Heap before GC invocations=1449 (full 681):
 PSYoungGen      total 1193472K, used 1193202K [0x000000076b800000, 0x00000007c0000000, 0x00000007c0000000)
  eden space 1097728K, 100% used [0x000000076b800000,0x00000007ae800000,0x00000007ae800000)
  from space 95744K, 99% used [0x00000007ae800000,0x00000007b453cb30,0x00000007b4580000)
  to   space 148992K, 0% used [0x00000007b6e80000,0x00000007b6e80000,0x00000007c0000000)
 ParOldGen       total 561664K, used 506961K [0x00000006c2800000, 0x00000006e4c80000, 0x000000076b800000)
  object space 561664K, 90% used [0x00000006c2800000,0x00000006e17144c0,0x00000006e4c80000)
 Metaspace       used 201333K, capacity 212595K, committed 212760K, reserved 1234944K
  class space    used 25006K, capacity 28183K, committed 28200K, reserved 1048576K
Event: 929.893 GC heap after
Heap after GC invocations=1449 (full 681):
 PSYoungGen      total 1227264K, used 94480K [0x000000076b800000, 0x00000007c0000000, 0x00000007c0000000)
  eden space 1078272K, 0% used [0x000000076b800000,0x000000076b800000,0x00000007ad500000)
  from space 148992K, 63% used [0x00000007b6e80000,0x00000007bcac42c8,0x00000007c0000000)
  to   space 153088K, 0% used [0x00000007ad500000,0x00000007ad500000,0x00000007b6a80000)
 ParOldGen       total 561664K, used 506961K [0x00000006c2800000, 0x00000006e4c80000, 0x000000076b800000)
  object space 561664K, 90% used [0x00000006c2800000,0x00000006e17144c0,0x00000006e4c80000)
 Metaspace       used 201333K, capacity 212595K, committed 212760K, reserved 1234944K
  class space    used 25006K, capacity 28183K, committed 28200K, reserved 1048576K
}
Event: 947.506 GC heap before
{Heap before GC invocations=1450 (full 681):
 PSYoungGen      total 1227264K, used 1172752K [0x000000076b800000, 0x00000007c0000000, 0x00000007c0000000)
  eden space 1078272K, 100% used [0x000000076b800000,0x00000007ad500000,0x00000007ad500000)
  from space 148992K, 63% used [0x00000007b6e80000,0x00000007bcac42c8,0x00000007c0000000)
  to   space 153088K, 0% used [0x00000007ad500000,0x00000007ad500000,0x00000007b6a80000)
 ParOldGen       total 561664K, used 507087K [0x00000006c2800000, 0x00000006e4c80000, 0x000000076b800000)
  object space 561664K, 90% used [0x00000006c2800000,0x00000006e1733f50,0x00000006e4c80000)
 Metaspace       used 201957K, capacity 213549K, committed 213784K, reserved 1234944K
  class space    used 25093K, capacity 28352K, committed 28456K, reserved 1048576K
Event: 947.571 GC heap after
Heap after GC invocations=1450 (full 681):
 PSYoungGen      total 1175040K, used 96734K [0x000000076b800000, 0x00000007c0000000, 0x00000007c0000000)
  eden space 1078272K, 0% used [0x000000076b800000,0x000000076b800000,0x00000007ad500000)
  from space 96768K, 99% used [0x00000007ad500000,0x00000007b3377bd8,0x00000007b3380000)
  to   space 156672K, 0% used [0x00000007b6700000,0x00000007b6700000,0x00000007c0000000)
 ParOldGen       total 561664K, used 507095K [0x00000006c2800000, 0x00000006e4c80000, 0x000000076b800000)
  object space 561664K, 90% used [0x00000006c2800000,0x00000006e1735f50,0x00000006e4c80000)
 Metaspace       used 201957K, capacity 213549K, committed 213784K, reserved 1234944K
  class space    used 25093K, capacity 28352K, committed 28456K, reserved 1048576K
}
Event: 956.885 GC heap before
{Heap before GC invocations=1451 (full 681):
 PSYoungGen      total 1175040K, used 1175006K [0x000000076b800000, 0x00000007c0000000, 0x00000007c0000000)
  eden space 1078272K, 100% used [0x000000076b800000,0x00000007ad500000,0x00000007ad500000)
  from space 96768K, 99% used [0x00000007ad500000,0x00000007b3377bd8,0x00000007b3380000)
  to   space 156672K, 0% used [0x00000007b6700000,0x00000007b6700000,0x00000007c0000000)
 ParOldGen       total 561664K, used 507099K [0x00000006c2800000, 0x00000006e4c80000, 0x000000076b800000)
  object space 561664K, 90% used [0x00000006c2800000,0x00000006e1736ea0,0x00000006e4c80000)
 Metaspace       used 203909K, capacity 216365K, committed 216600K, reserved 1236992K
  class space    used 25393K, capacity 28884K, committed 28968K, reserved 1048576K
Event: 956.968 GC heap after
Heap after GC invocations=1451 (full 681):
 PSYoungGen      total 1189888K, used 141444K [0x000000076b800000, 0x00000007c0000000, 0x00000007c0000000)
  eden space 1033216K, 0% used [0x000000076b800000,0x000000076b800000,0x00000007aa900000)
  from space 156672K, 90% used [0x00000007b6700000,0x00000007bf121018,0x00000007c0000000)
  to   space 175616K, 0% used [0x00000007aa900000,0x00000007aa900000,0x00000007b5480000)
 ParOldGen       total 561664K, used 507099K [0x00000006c2800000, 0x00000006e4c80000, 0x000000076b800000)
  object space 561664K, 90% used [0x00000006c2800000,0x00000006e1736ea0,0x00000006e4c80000)
 Metaspace       used 203909K, capacity 216365K, committed 216600K, reserved 1236992K
  class space    used 25393K, capacity 28884K, committed 28968K, reserved 1048576K
}
Event: 962.866 GC heap before
{Heap before GC invocations=1452 (full 681):
 PSYoungGen      total 1189888K, used 1174660K [0x000000076b800000, 0x00000007c0000000, 0x00000007c0000000)
  eden space 1033216K, 100% used [0x000000076b800000,0x00000007aa900000,0x00000007aa900000)
  from space 156672K, 90% used [0x00000007b6700000,0x00000007bf121018,0x00000007c0000000)
  to   space 175616K, 0% used [0x00000007aa900000,0x00000007aa900000,0x00000007b5480000)
 ParOldGen       total 561664K, used 507110K [0x00000006c2800000, 0x00000006e4c80000, 0x000000076b800000)
  object space 561664K, 90% used [0x00000006c2800000,0x00000006e17399e0,0x00000006e4c80000)
 Metaspace       used 208431K, capacity 221703K, committed 221976K, reserved 1241088K
  class space    used 25953K, capacity 29636K, committed 29736K, reserved 1048576K
Event: 962.990 GC heap after
Heap after GC invocations=1452 (full 681):
 PSYoungGen      total 1208832K, used 175601K [0x000000076b800000, 0x00000007c0000000, 0x00000007c0000000)
  eden space 1033216K, 0% used [0x000000076b800000,0x000000076b800000,0x00000007aa900000)
  from space 175616K, 99% used [0x00000007aa900000,0x00000007b547c7c0,0x00000007b5480000)
  to   space 175616K, 0% used [0x00000007b5480000,0x00000007b5480000,0x00000007c0000000)
 ParOldGen       total 561664K, used 558152K [0x00000006c2800000, 0x00000006e4c80000, 0x000000076b800000)
  object space 561664K, 99% used [0x00000006c2800000,0x00000006e49122b0,0x00000006e4c80000)
 Metaspace       used 208431K, capacity 221703K, committed 221976K, reserved 1241088K
  class space    used 25953K, capacity 29636K, committed 29736K, reserved 1048576K
}
Event: 962.990 GC heap before
{Heap before GC invocations=1453 (full 682):
 PSYoungGen      total 1208832K, used 175601K [0x000000076b800000, 0x00000007c0000000, 0x00000007c0000000)
  eden space 1033216K, 0% used [0x000000076b800000,0x000000076b800000,0x00000007aa900000)
  from space 175616K, 99% used [0x00000007aa900000,0x00000007b547c7c0,0x00000007b5480000)
  to   space 175616K, 0% used [0x00000007b5480000,0x00000007b5480000,0x00000007c0000000)
 ParOldGen       total 561664K, used 558152K [0x00000006c2800000, 0x00000006e4c80000, 0x000000076b800000)
  object space 561664K, 99% used [0x00000006c2800000,0x00000006e49122b0,0x00000006e4c80000)
 Metaspace       used 208431K, capacity 221703K, committed 221976K, reserved 1241088K
  class space    used 25953K, capacity 29636K, committed 29736K, reserved 1048576K
Event: 964.351 GC heap after
Heap after GC invocations=1453 (full 682):
 PSYoungGen      total 1208832K, used 0K [0x000000076b800000, 0x00000007c0000000, 0x00000007c0000000)
  eden space 1033216K, 0% used [0x000000076b800000,0x000000076b800000,0x00000007aa900000)
  from space 175616K, 0% used [0x00000007aa900000,0x00000007aa900000,0x00000007b5480000)
  to   space 175616K, 0% used [0x00000007b5480000,0x00000007b5480000,0x00000007c0000000)
 ParOldGen       total 998912K, used 498083K [0x00000006c2800000, 0x00000006ff780000, 0x000000076b800000)
  object space 998912K, 49% used [0x00000006c2800000,0x00000006e0e68d80,0x00000006ff780000)
 Metaspace       used 185557K, capacity 191919K, committed 219928K, reserved 1239040K
  class space    used 22636K, capacity 24516K, committed 29736K, reserved 1048576K
}

