# JRE version: Java(TM) SE Runtime Environment (8.0_212-b10) (build 1.8.0_212-b10)
# Java VM: Java HotSpot(TM) 64-Bit Server VM (25.212-b10 mixed mode windows-amd64 compressed oops)
Heap:
 PSYoungGen      total 1310720K, used 194840K [0x000000076b800000, 0x00000007c0000000, 0x00000007c0000000)
  eden space 1236992K, 15% used [0x000000076b800000,0x0000000777646060,0x00000007b7000000)
  from space 73728K, 0% used [0x00000007b7000000,0x00000007b7000000,0x00000007bb800000)
  to   space 73728K, 0% used [0x00000007bb800000,0x00000007bb800000,0x00000007c0000000)
 ParOldGen       total 980480K, used 500922K [0x00000006c2800000, 0x00000006fe580000, 0x000000076b800000)
  object space 980480K, 51% used [0x00000006c2800000,0x00000006e112e8e0,0x00000006fe580000)
 Metaspace       used 213921K, capacity 221607K, committed 234008K, reserved 1251328K
  class space    used 26934K, capacity 29053K, committed 31280K, reserved 1048576K
GC Heap History (10 events):
Event: 864.007 GC heap before
{Heap before GC invocations=1369 (full 617):
 PSYoungGen      total 1323008K, used 1283005K [0x000000076b800000, 0x00000007c0000000, 0x00000007c0000000)
  eden space 1261568K, 100% used [0x000000076b800000,0x00000007b8800000,0x00000007b8800000)
  from space 61440K, 34% used [0x00000007b8800000,0x00000007b9cef740,0x00000007bc400000)
  to   space 58368K, 0% used [0x00000007bc700000,0x00000007bc700000,0x00000007c0000000)
 ParOldGen       total 586240K, used 513953K [0x00000006c2800000, 0x00000006e6480000, 0x000000076b800000)
  object space 586240K, 87% used [0x00000006c2800000,0x00000006e1de8418,0x00000006e6480000)
 Metaspace       used 201432K, capacity 211163K, committed 211352K, reserved 1232896K
  class space    used 25201K, capacity 27814K, committed 27824K, reserved 1048576K
Event: 864.029 GC heap after
Heap after GC invocations=1369 (full 617):
 PSYoungGen      total 1319936K, used 28334K [0x000000076b800000, 0x00000007bfd00000, 0x00000007c0000000)
  eden space 1264640K, 0% used [0x000000076b800000,0x000000076b800000,0x00000007b8b00000)
  from space 55296K, 51% used [0x00000007bc700000,0x00000007be2aba20,0x00000007bfd00000)
  to   space 58368K, 0% used [0x00000007b8b00000,0x00000007b8b00000,0x00000007bc400000)
 ParOldGen       total 586240K, used 513961K [0x00000006c2800000, 0x00000006e6480000, 0x000000076b800000)
  object space 586240K, 87% used [0x00000006c2800000,0x00000006e1dea418,0x00000006e6480000)
 Metaspace       used 201432K, capacity 211163K, committed 211352K, reserved 1232896K
  class space    used 25201K, capacity 27814K, committed 27824K, reserved 1048576K
}
Event: 890.952 GC heap before
{Heap before GC invocations=1370 (full 617):
 PSYoungGen      total 1319936K, used 1292974K [0x000000076b800000, 0x00000007bfd00000, 0x00000007c0000000)
  eden space 1264640K, 100% used [0x000000076b800000,0x00000007b8b00000,0x00000007b8b00000)
  from space 55296K, 51% used [0x00000007bc700000,0x00000007be2aba20,0x00000007bfd00000)
  to   space 58368K, 0% used [0x00000007b8b00000,0x00000007b8b00000,0x00000007bc400000)
 ParOldGen       total 586240K, used 515183K [0x00000006c2800000, 0x00000006e6480000, 0x000000076b800000)
  object space 586240K, 87% used [0x00000006c2800000,0x00000006e1f1beb0,0x00000006e6480000)
 Metaspace       used 210058K, capacity 220827K, committed 221080K, reserved 1241088K
  class space    used 26250K, capacity 29088K, committed 29104K, reserved 1048576K
Event: 891.016 GC heap after
Heap after GC invocations=1370 (full 617):
 PSYoungGen      total 1323008K, used 58364K [0x000000076b800000, 0x00000007c0000000, 0x00000007c0000000)
  eden space 1264640K, 0% used [0x000000076b800000,0x000000076b800000,0x00000007b8b00000)
  from space 58368K, 99% used [0x00000007b8b00000,0x00000007bc3ff3d8,0x00000007bc400000)
  to   space 61440K, 0% used [0x00000007bc400000,0x00000007bc400000,0x00000007c0000000)
 ParOldGen       total 586240K, used 529844K [0x00000006c2800000, 0x00000006e6480000, 0x000000076b800000)
  object space 586240K, 90% used [0x00000006c2800000,0x00000006e2d6d380,0x00000006e6480000)
 Metaspace       used 210058K, capacity 220827K, committed 221080K, reserved 1241088K
  class space    used 26250K, capacity 29088K, committed 29104K, reserved 1048576K
}
Event: 904.784 GC heap before
{Heap before GC invocations=1371 (full 617):
 PSYoungGen      total 1323008K, used 1323004K [0x000000076b800000, 0x00000007c0000000, 0x00000007c0000000)
  eden space 1264640K, 100% used [0x000000076b800000,0x00000007b8b00000,0x00000007b8b00000)
  from space 58368K, 99% used [0x00000007b8b00000,0x00000007bc3ff3d8,0x00000007bc400000)
  to   space 61440K, 0% used [0x00000007bc400000,0x00000007bc400000,0x00000007c0000000)
 ParOldGen       total 586240K, used 529844K [0x00000006c2800000, 0x00000006e6480000, 0x000000076b800000)
  object space 586240K, 90% used [0x00000006c2800000,0x00000006e2d6d380,0x00000006e6480000)
 Metaspace       used 214970K, capacity 225955K, committed 226200K, reserved 1245184K
  class space    used 26836K, capacity 29746K, committed 29872K, reserved 1048576K
Event: 904.818 GC heap after
Heap after GC invocations=1371 (full 617):
 PSYoungGen      total 1298432K, used 35387K [0x000000076b800000, 0x00000007c0000000, 0x00000007c0000000)
  eden space 1236992K, 0% used [0x000000076b800000,0x000000076b800000,0x00000007b7000000)
  from space 61440K, 57% used [0x00000007bc400000,0x00000007be68ef78,0x00000007c0000000)
  to   space 73728K, 0% used [0x00000007b7000000,0x00000007b7000000,0x00000007bb800000)
 ParOldGen       total 586240K, used 543735K [0x00000006c2800000, 0x00000006e6480000, 0x000000076b800000)
  object space 586240K, 92% used [0x00000006c2800000,0x00000006e3afdce0,0x00000006e6480000)
 Metaspace       used 214970K, capacity 225955K, committed 226200K, reserved 1245184K
  class space    used 26836K, capacity 29746K, committed 29872K, reserved 1048576K
}
Event: 922.727 GC heap before
{Heap before GC invocations=1372 (full 617):
 PSYoungGen      total 1298432K, used 1272379K [0x000000076b800000, 0x00000007c0000000, 0x00000007c0000000)
  eden space 1236992K, 100% used [0x000000076b800000,0x00000007b7000000,0x00000007b7000000)
  from space 61440K, 57% used [0x00000007bc400000,0x00000007be68ef78,0x00000007c0000000)
  to   space 73728K, 0% used [0x00000007b7000000,0x00000007b7000000,0x00000007bb800000)
 ParOldGen       total 586240K, used 543735K [0x00000006c2800000, 0x00000006e6480000, 0x000000076b800000)
  object space 586240K, 92% used [0x00000006c2800000,0x00000006e3afdce0,0x00000006e6480000)
 Metaspace       used 222539K, capacity 233891K, committed 234008K, reserved 1251328K
  class space    used 28236K, capacity 31208K, committed 31280K, reserved 1048576K
Event: 922.941 GC heap after
Heap after GC invocations=1372 (full 617):
 PSYoungGen      total 1310720K, used 73722K [0x000000076b800000, 0x00000007c0000000, 0x00000007c0000000)
  eden space 1236992K, 0% used [0x000000076b800000,0x000000076b800000,0x00000007b7000000)
  from space 73728K, 99% used [0x00000007b7000000,0x00000007bb7feab0,0x00000007bb800000)
  to   space 73728K, 0% used [0x00000007bb800000,0x00000007bb800000,0x00000007c0000000)
 ParOldGen       total 586240K, used 556195K [0x00000006c2800000, 0x00000006e6480000, 0x000000076b800000)
  object space 586240K, 94% used [0x00000006c2800000,0x00000006e4728fe0,0x00000006e6480000)
 Metaspace       used 222539K, capacity 233891K, committed 234008K, reserved 1251328K
  class space    used 28236K, capacity 31208K, committed 31280K, reserved 1048576K
}
Event: 922.942 GC heap before
{Heap before GC invocations=1373 (full 618):
 PSYoungGen      total 1310720K, used 73722K [0x000000076b800000, 0x00000007c0000000, 0x00000007c0000000)
  eden space 1236992K, 0% used [0x000000076b800000,0x000000076b800000,0x00000007b7000000)
  from space 73728K, 99% used [0x00000007b7000000,0x00000007bb7feab0,0x00000007bb800000)
  to   space 73728K, 0% used [0x00000007bb800000,0x00000007bb800000,0x00000007c0000000)
 ParOldGen       total 586240K, used 556195K [0x00000006c2800000, 0x00000006e6480000, 0x000000076b800000)
  object space 586240K, 94% used [0x00000006c2800000,0x00000006e4728fe0,0x00000006e6480000)
 Metaspace       used 222539K, capacity 233891K, committed 234008K, reserved 1251328K
  class space    used 28236K, capacity 31208K, committed 31280K, reserved 1048576K
Event: 924.533 GC heap after
Heap after GC invocations=1373 (full 618):
 PSYoungGen      total 1310720K, used 0K [0x000000076b800000, 0x00000007c0000000, 0x00000007c0000000)
  eden space 1236992K, 0% used [0x000000076b800000,0x000000076b800000,0x00000007b7000000)
  from space 73728K, 0% used [0x00000007b7000000,0x00000007b7000000,0x00000007bb800000)
  to   space 73728K, 0% used [0x00000007bb800000,0x00000007bb800000,0x00000007c0000000)
 ParOldGen       total 980480K, used 500922K [0x00000006c2800000, 0x00000006fe580000, 0x000000076b800000)
  object space 980480K, 51% used [0x00000006c2800000,0x00000006e112e8e0,0x00000006fe580000)
 Metaspace       used 213572K, capacity 221223K, committed 234008K, reserved 1251328K
  class space    used 26819K, capacity 28925K, committed 31280K, reserved 1048576K
}

